<?xml version="1.0" encoding="UTF-8"?>
<!-- Generated by org.testng.reporters.JUnitReportReporter -->
<testsuite hostname="RAKESH" failures="0" tests="3" name="Programs.InforamtionCommands" time="0.097" errors="0" timestamp="2024-02-22T14:32:00 IST" skipped="0">
  <testcase classname="Programs.InforamtionCommands" name="gmail" time="0.037"/>
  <system-out/>
  <testcase classname="Programs.InforamtionCommands" name="google_image" time="0.029"/>
  <system-out/>
  <testcase classname="Programs.InforamtionCommands" name="search_button" time="0.031"/>
  <system-out/>
</testsuite> <!-- Programs.InforamtionCommands -->
