<?xml version="1.0" encoding="UTF-8"?>
<!-- Generated by org.testng.reporters.JUnitReportReporter -->
<testsuite hostname="RAKESH" failures="0" tests="1" name="Programs.Popupwindow" time="27.852" errors="0" timestamp="2024-02-22T13:42:26 IST" skipped="0">
  <testcase classname="Programs.Popupwindow" name="windowhandle" time="27.852"/>
  <system-out/>
</testsuite> <!-- Programs.Popupwindow -->
