<?xml version="1.0" encoding="UTF-8"?>
<!-- Generated by org.testng.reporters.JUnitReportReporter -->
<testsuite hostname="RAKESH" failures="0" tests="1" name="Programs.Screenshot" time="6.548" errors="0" timestamp="2024-02-22T16:05:53 IST" skipped="0">
  <testcase classname="Programs.Screenshot" name="alerts" time="6.548"/>
  <system-out/>
</testsuite> <!-- Programs.Screenshot -->
