<?xml version="1.0" encoding="UTF-8"?>
<!-- Generated by org.testng.reporters.JUnitReportReporter -->
<testsuite hostname="RAKESH" failures="0" tests="1" name="Programs.A1_Alerts" time="6.189" errors="0" timestamp="2024-02-21T18:25:34 IST" skipped="0">
  <testcase classname="Programs.A1_Alerts" name="handlingalerts" time="6.189"/>
  <system-out/>
</testsuite> <!-- Programs.A1_Alerts -->
