<?xml version="1.0" encoding="UTF-8"?>
<!-- Generated by org.testng.reporters.JUnitReportReporter -->
<testsuite hostname="RAKESH" failures="0" tests="1" name="Programs.Firstselectedoption" time="0.253" errors="0" timestamp="2024-02-22T15:22:25 IST" skipped="0">
  <testcase classname="Programs.Firstselectedoption" name="options" time="0.253"/>
  <system-out/>
</testsuite> <!-- Programs.Firstselectedoption -->
