<?xml version="1.0" encoding="UTF-8"?>
<!-- Generated by org.testng.reporters.JUnitReportReporter -->
<testsuite hostname="RAKESH" failures="0" tests="1" name="Programs.MouseoverActions" time="6.247" errors="0" timestamp="2024-02-21T14:39:07 IST" skipped="0">
  <testcase classname="Programs.MouseoverActions" name="Mouseover" time="6.247"/>
  <system-out/>
</testsuite> <!-- Programs.MouseoverActions -->
